#
# There is insufficient memory for the Java Runtime Environment to continue.
# Native memory allocation (mmap) failed to map 264241152 bytes for G1 virtual space
# Possible reasons:
#   The system is out of physical RAM or swap space
#   The process is running with CompressedOops enabled, and the Java Heap may be blocking the growth of the native heap
# Possible solutions:
#   Reduce memory load on the system
#   Increase physical memory or swap space
#   Check if swap backing store is full
#   Decrease Java heap size (-Xmx/-Xms)
#   Decrease number of Java threads
#   Decrease Java thread stack sizes (-Xss)
#   Set larger code cache with -XX:ReservedCodeCacheSize=
#   JVM is running with Zero Based Compressed Oops mode in which the Java heap is
#     placed in the first 32GB address space. The Java Heap base address is the
#     maximum limit for the native heap growth. Please use -XX:HeapBaseMinAddress
#     to set the Java Heap base and to place the Java Heap above 32GB virtual address.
# This output file may be truncated or incomplete.
#
#  Out of Memory Error (os_windows.cpp:3527), pid=13292, tid=4944
#
# JRE version:  (19.0.1+10) (build )
# Java VM: Java HotSpot(TM) 64-Bit Server VM (19.0.1+10-21, mixed mode, sharing, tiered, compressed oops, compressed class ptrs, g1 gc, windows-amd64)
# No core dump will be written. Minidumps are not enabled by default on client versions of Windows
#

---------------  S U M M A R Y ------------

Command Line: com.mycompany.cuadradoasterisco.CuadradoAsterisco

Host: 11th Gen Intel(R) Core(TM) i5-1135G7 @ 2.40GHz, 8 cores, 15G,  Windows 11 , 64 bit Build 22621 (10.0.22621.755)
Time: Fri Dec  2 09:35:35 2022 Hora estándar romance elapsed time: 0.007826 seconds (0d 0h 0m 0s)

---------------  T H R E A D  ---------------

Current thread (0x000001d1e997c620):  JavaThread "Unknown thread" [_thread_in_vm, id=4944, stack(0x000000128a900000,0x000000128aa00000)]

Stack: [0x000000128a900000,0x000000128aa00000]
Native frames: (J=compiled Java code, j=interpreted, Vv=VM code, C=native code)
V  [jvm.dll+0x6ee8fa]
V  [jvm.dll+0x857a1e]
V  [jvm.dll+0x85940e]
V  [jvm.dll+0x859ac3]
V  [jvm.dll+0x28291f]
V  [jvm.dll+0x6eb6e9]
V  [jvm.dll+0x6e028a]
V  [jvm.dll+0x357136]
V  [jvm.dll+0x35eb96]
V  [jvm.dll+0x3b555e]
V  [jvm.dll+0x3b578f]
V  [jvm.dll+0x32c6ea]
V  [jvm.dll+0x32d59e]
V  [jvm.dll+0x821b20]
V  [jvm.dll+0x3c27c1]
V  [jvm.dll+0x8022f1]
V  [jvm.dll+0x44b30f]
V  [jvm.dll+0x44cc91]
C  [jli.dll+0x5287]
C  [ucrtbase.dll+0x29363]
C  [KERNEL32.DLL+0x1244d]
C  [ntdll.dll+0x5dfb8]


---------------  P R O C E S S  ---------------

Threads class SMR info:
_java_thread_list=0x00007ff84bccd048, length=0, elements={
}

Java Threads: ( => current thread )

Other Threads:
  0x000001d1e99ea5a0 WorkerThread "GC Thread#0" [stack: 0x000000128aa00000,0x000000128ab00000] [id=7712]
  0x000001d1e99faea0 ConcurrentGCThread "G1 Main Marker" [stack: 0x000000128ab00000,0x000000128ac00000] [id=16296]
  0x000001d1e99fbae0 WorkerThread "G1 Conc#0" [stack: 0x000000128ac00000,0x000000128ad00000] [id=15320]

[error occurred during error reporting (printing all threads), id 0xc0000005, EXCEPTION_ACCESS_VIOLATION (0xc0000005) at pc=0x00007ff84b48d127]

VM state: not at safepoint (not fully initialized)

VM Mutex/Monitor currently owned by a thread:  ([mutex/lock_event])
[0x000001d1e99785d0] Heap_lock - owner thread: 0x000001d1e997c620

Heap address: 0x0000000705600000, size: 4010 MB, Compressed Oops mode: Zero based, Oop shift amount: 3

CDS archive(s) mapped at: [0x0000000000000000-0x0000000000000000-0x0000000000000000), size 0, SharedBaseAddress: 0x0000000800000000, ArchiveRelocationMode: 0.
Narrow klass base: 0x0000000000000000, Narrow klass shift: 0, Narrow klass range: 0x0

GC Precious Log:
 CardTable entry size: 512
 Card Set container configuration: InlinePtr #cards 4 size 8 Array Of Cards #cards 16 size 48 Howl #buckets 8 coarsen threshold 3686 Howl Bitmap #cards 512 size 80 coarsen threshold 460 Card regions per heap region 1 cards per card region 4096

Heap:
 garbage-first heap   total 0K, used 0K [0x0000000705600000, 0x0000000800000000)
  region size 2048K, 0 young (0K), 0 survivors (0K)

[error occurred during error reporting (printing heap information), id 0xc0000005, EXCEPTION_ACCESS_VIOLATION (0xc0000005) at pc=0x00007ff84b896959]

GC Heap History (0 events):
No events

Dll operation events (1 events):
Event: 0.004 Loaded shared library C:\Program Files\Java\jdk-19\bin\java.dll

Deoptimization events (0 events):
No events

Classes loaded (0 events):
No events

Classes unloaded (0 events):
No events

Classes redefined (0 events):
No events

Internal exceptions (0 events):
No events

VM Operations (0 events):
No events

Events (0 events):
No events


Dynamic libraries:
0x00007ff767190000 - 0x00007ff7671a0000 	C:\Program Files\Java\jdk-19\bin\java.exe
0x00007ff8c7bb0000 - 0x00007ff8c7dc4000 	C:\WINDOWS\SYSTEM32\ntdll.dll
0x00007ff8c6fa0000 - 0x00007ff8c7062000 	C:\WINDOWS\System32\KERNEL32.DLL
0x00007ff8c5450000 - 0x00007ff8c57ed000 	C:\WINDOWS\System32\KERNELBASE.dll
0x00007ff8c5890000 - 0x00007ff8c59a1000 	C:\WINDOWS\System32\ucrtbase.dll
0x00007ff8a9430000 - 0x00007ff8a9448000 	C:\Program Files\Java\jdk-19\bin\jli.dll
0x00007ff8c0050000 - 0x00007ff8c006b000 	C:\Program Files\Java\jdk-19\bin\VCRUNTIME140.dll
0x00007ff8c6500000 - 0x00007ff8c65ae000 	C:\WINDOWS\System32\ADVAPI32.dll
0x00007ff8c70d0000 - 0x00007ff8c7177000 	C:\WINDOWS\System32\msvcrt.dll
0x00007ff8c7820000 - 0x00007ff8c78c4000 	C:\WINDOWS\System32\sechost.dll
0x00007ff8c63e0000 - 0x00007ff8c64f5000 	C:\WINDOWS\System32\RPCRT4.dll
0x00007ff8c6230000 - 0x00007ff8c63da000 	C:\WINDOWS\System32\USER32.dll
0x00007ff8c4fe0000 - 0x00007ff8c5006000 	C:\WINDOWS\System32\win32u.dll
0x00007ff8a1fc0000 - 0x00007ff8a224e000 	C:\WINDOWS\WinSxS\amd64_microsoft.windows.common-controls_6595b64144ccf1df_6.0.22621.608_none_a9444ca7c10bb01d\COMCTL32.dll
0x00007ff8c6d90000 - 0x00007ff8c6db9000 	C:\WINDOWS\System32\GDI32.dll
0x00007ff8c51c0000 - 0x00007ff8c52d2000 	C:\WINDOWS\System32\gdi32full.dll
0x00007ff8c57f0000 - 0x00007ff8c588a000 	C:\WINDOWS\System32\msvcp_win.dll
0x00007ff8bd070000 - 0x00007ff8bd07a000 	C:\WINDOWS\SYSTEM32\VERSION.dll
0x00007ff8c5a60000 - 0x00007ff8c5a92000 	C:\WINDOWS\System32\IMM32.DLL
0x00007ff8c0040000 - 0x00007ff8c004c000 	C:\Program Files\Java\jdk-19\bin\vcruntime140_1.dll
0x00007ff8aa380000 - 0x00007ff8aa40e000 	C:\Program Files\Java\jdk-19\bin\msvcp140.dll
0x00007ff84b150000 - 0x00007ff84be10000 	C:\Program Files\Java\jdk-19\bin\server\jvm.dll
0x00007ff8bd0f0000 - 0x00007ff8bd124000 	C:\WINDOWS\SYSTEM32\WINMM.dll
0x00007ff8a3090000 - 0x00007ff8a3099000 	C:\WINDOWS\SYSTEM32\WSOCK32.dll
0x00007ff8c78d0000 - 0x00007ff8c7941000 	C:\WINDOWS\System32\WS2_32.dll
0x00007ff8c4120000 - 0x00007ff8c4138000 	C:\WINDOWS\SYSTEM32\kernel.appcore.dll
0x00007ff8bfff0000 - 0x00007ff8bfffa000 	C:\Program Files\Java\jdk-19\bin\jimage.dll
0x00007ff8c28e0000 - 0x00007ff8c2b0e000 	C:\WINDOWS\SYSTEM32\DBGHELP.DLL
0x00007ff8c71e0000 - 0x00007ff8c756a000 	C:\WINDOWS\System32\combase.dll
0x00007ff8c6ec0000 - 0x00007ff8c6f97000 	C:\WINDOWS\System32\OLEAUT32.dll
0x00007ff8a3990000 - 0x00007ff8a39c2000 	C:\WINDOWS\SYSTEM32\dbgcore.DLL
0x00007ff8c50d0000 - 0x00007ff8c514b000 	C:\WINDOWS\System32\bcryptPrimitives.dll
0x00007ff8bdf70000 - 0x00007ff8bdf96000 	C:\Program Files\Java\jdk-19\bin\java.dll

dbghelp: loaded successfully - version: 4.0.5 - missing functions: none
symbol engine: initialized successfully - sym options: 0x614 - pdb path: .;C:\Program Files\Java\jdk-19\bin;C:\WINDOWS\SYSTEM32;C:\WINDOWS\WinSxS\amd64_microsoft.windows.common-controls_6595b64144ccf1df_6.0.22621.608_none_a9444ca7c10bb01d;C:\Program Files\Java\jdk-19\bin\server

VM Arguments:
java_command: com.mycompany.cuadradoasterisco.CuadradoAsterisco
java_class_path (initial): C:\Users\damci\Documents\NetBeansProjects\CuadradoAsterisco\target\classes
Launcher Type: SUN_STANDARD

[Global flags]
     intx CICompilerCount                          = 4                                         {product} {ergonomic}
     uint ConcGCThreads                            = 2                                         {product} {ergonomic}
     uint G1ConcRefinementThreads                  = 8                                         {product} {ergonomic}
   size_t G1HeapRegionSize                         = 2097152                                   {product} {ergonomic}
    uintx GCDrainStackTargetSize                   = 64                                        {product} {ergonomic}
   size_t InitialHeapSize                          = 264241152                                 {product} {ergonomic}
   size_t MarkStackSize                            = 4194304                                   {product} {ergonomic}
   size_t MaxHeapSize                              = 4204789760                                {product} {ergonomic}
   size_t MinHeapDeltaBytes                        = 2097152                                   {product} {ergonomic}
   size_t MinHeapSize                              = 8388608                                   {product} {ergonomic}
    uintx NonNMethodCodeHeapSize                   = 5839372                                {pd product} {ergonomic}
    uintx NonProfiledCodeHeapSize                  = 122909434                              {pd product} {ergonomic}
    uintx ProfiledCodeHeapSize                     = 122909434                              {pd product} {ergonomic}
    uintx ReservedCodeCacheSize                    = 251658240                              {pd product} {ergonomic}
     bool SegmentedCodeCache                       = true                                      {product} {ergonomic}
   size_t SoftMaxHeapSize                          = 4204789760                             {manageable} {ergonomic}
     bool UseCompressedClassPointers               = true                           {product lp64_product} {ergonomic}
     bool UseCompressedOops                        = true                           {product lp64_product} {ergonomic}
     bool UseG1GC                                  = true                                      {product} {ergonomic}
     bool UseLargePagesIndividualAllocation        = false                                  {pd product} {ergonomic}

Logging:
Log output configuration:
 #0: stdout all=warning uptime,level,tags foldmultilines=false
 #1: stderr all=off uptime,level,tags foldmultilines=false

Environment Variables:
JAVA_HOME=C:\Program Files\Java\jdk-19
PATH=C:\app\damci\product\21c\dbhomeXE\bin;C:\Program Files\Common Files\Oracle\Java\javapath;C:\Program Files (x86)\Common Files\Oracle\Java\javapath;C:\ProgramData\Oracle\Java\javapath;C:\Program Files\Eclipse Adoptium\jdk-17.0.4.101-hotspot\bin;C:\WINDOWS\system32;C:\WINDOWS;C:\WINDOWS\System32\Wbem;C:\WINDOWS\System32\WindowsPowerShell\v1.0\;C:\WINDOWS\System32\OpenSSH\;C:\Users\damci\AppData\Local\Programs\Python\Python310\Scripts\;C:\Users\damci\AppData\Local\Programs\Python\Python310\;C:\Users\damci\AppData\Local\Microsoft\WindowsApps;;C:\Users\damci\AppData\Local\Programs\Microsoft VS Code\bin
USERNAME=damci
OS=Windows_NT
PROCESSOR_IDENTIFIER=Intel64 Family 6 Model 140 Stepping 1, GenuineIntel
TMP=C:\Users\damci\AppData\Local\Temp
TEMP=C:\Users\damci\AppData\Local\Temp



---------------  S Y S T E M  ---------------

OS:
 Windows 11 , 64 bit Build 22621 (10.0.22621.755)
OS uptime: 2 days 0:46 hours
Hyper-V role detected

CPU: total 8 (initial active 8) (4 cores per cpu, 2 threads per core) family 6 model 140 stepping 1 microcode 0xa4, cx8, cmov, fxsr, ht, mmx, 3dnowpref, sse, sse2, sse3, ssse3, sse4.1, sse4.2, popcnt, lzcnt, tsc, tscinvbit, avx, avx2, aes, erms, clmul, bmi1, bmi2, adx, avx512f, avx512dq, avx512cd, avx512bw, avx512vl, sha, fma, vzeroupper, avx512_vpopcntdq, avx512_vpclmulqdq, avx512_vaes, avx512_vnni, clflush, clflushopt, clwb, avx512_vbmi2, avx512_vbmi, hv, rdtscp, rdpid, fsrm, gfni, avx512_bitalg

Memory: 4k page, system-wide physical 16039M (6493M free)
TotalPageFile size 18939M (AvailPageFile size 223M)
current process WorkingSet (physical memory assigned to process): 12M, peak: 12M
current process commit charge ("private bytes"): 60M, peak: 312M

vm_info: Java HotSpot(TM) 64-Bit Server VM (19.0.1+10-21) for windows-amd64 JRE (19.0.1+10-21), built on 2022-09-14T12:45:06Z by "mach5one" with MS VC++ 17.1 (VS2022)

END.
