#
# There is insufficient memory for the Java Runtime Environment to continue.
# Native memory allocation (mmap) failed to map 65536 bytes for Failed to commit metaspace.
# Possible reasons:
#   The system is out of physical RAM or swap space
#   The process is running with CompressedOops enabled, and the Java Heap may be blocking the growth of the native heap
# Possible solutions:
#   Reduce memory load on the system
#   Increase physical memory or swap space
#   Check if swap backing store is full
#   Decrease Java heap size (-Xmx/-Xms)
#   Decrease number of Java threads
#   Decrease Java thread stack sizes (-Xss)
#   Set larger code cache with -XX:ReservedCodeCacheSize=
#   JVM is running with Zero Based Compressed Oops mode in which the Java heap is
#     placed in the first 32GB address space. The Java Heap base address is the
#     maximum limit for the native heap growth. Please use -XX:HeapBaseMinAddress
#     to set the Java Heap base and to place the Java Heap above 32GB virtual address.
# This output file may be truncated or incomplete.
#
#  Out of Memory Error (virtualSpaceNode.cpp:110), pid=2792, tid=13240
#
# JRE version: Java(TM) SE Runtime Environment (19.0.1+10) (build 19.0.1+10-21)
# Java VM: Java HotSpot(TM) 64-Bit Server VM (19.0.1+10-21, mixed mode, tiered, compressed oops, compressed class ptrs, g1 gc, windows-amd64)
# No core dump will be written. Minidumps are not enabled by default on client versions of Windows
#

---------------  S U M M A R Y ------------

Command Line: com.mycompany.cuadradoasterisco.CuadradoAsterisco

Host: 11th Gen Intel(R) Core(TM) i5-1135G7 @ 2.40GHz, 8 cores, 15G,  Windows 11 , 64 bit Build 22621 (10.0.22621.755)
Time: Fri Dec  2 09:24:43 2022 Hora estándar romance elapsed time: 0.096067 seconds (0d 0h 0m 0s)

---------------  T H R E A D  ---------------

Current thread (0x00000290b2dca0b0):  JavaThread "main" [_thread_in_vm, id=13240, stack(0x000000b9afe00000,0x000000b9aff00000)]

Stack: [0x000000b9afe00000,0x000000b9aff00000]
Native frames: (J=compiled Java code, j=interpreted, Vv=VM code, C=native code)
V  [jvm.dll+0x6ee8fa]
V  [jvm.dll+0x857a1e]
V  [jvm.dll+0x85940e]
V  [jvm.dll+0x859ac3]
V  [jvm.dll+0x28291f]
V  [jvm.dll+0x85369b]
V  [jvm.dll+0x693276]
V  [jvm.dll+0x1f29b7]
V  [jvm.dll+0x695cb2]
V  [jvm.dll+0x695a9e]
V  [jvm.dll+0x693c9e]
V  [jvm.dll+0x3c500f]
V  [jvm.dll+0x21608b]
V  [jvm.dll+0x5aa300]
V  [jvm.dll+0x7cd948]
V  [jvm.dll+0x7cd86a]
V  [jvm.dll+0x46b72d]
V  [jvm.dll+0x47d90d]
C  [java.dll+0x1657]

Java frames: (J=compiled Java code, j=interpreted, Vv=VM code)
j  java.lang.ClassLoader.defineClass0(Ljava/lang/ClassLoader;Ljava/lang/Class;Ljava/lang/String;[BIILjava/security/ProtectionDomain;ZILjava/lang/Object;)Ljava/lang/Class;+0 java.base@19.0.1
j  java.lang.System$2.defineClass(Ljava/lang/ClassLoader;Ljava/lang/Class;Ljava/lang/String;[BLjava/security/ProtectionDomain;ZILjava/lang/Object;)Ljava/lang/Class;+17 java.base@19.0.1
j  java.lang.invoke.MethodHandles$Lookup$ClassDefiner.defineClass(ZLjava/lang/Object;)Ljava/lang/Class;+54 java.base@19.0.1
j  java.lang.invoke.InvokerBytecodeGenerator.loadMethod([B)Ljava/lang/invoke/MemberName;+19 java.base@19.0.1
j  java.lang.invoke.InvokerBytecodeGenerator.generateCustomizedCode(Ljava/lang/invoke/LambdaForm;Ljava/lang/invoke/MethodType;)Ljava/lang/invoke/MemberName;+30 java.base@19.0.1
j  java.lang.invoke.LambdaForm.compileToBytecode()V+69 java.base@19.0.1
j  java.lang.invoke.LambdaForm.prepare()V+21 java.base@19.0.1
j  java.lang.invoke.MethodHandle.<init>(Ljava/lang/invoke/MethodType;Ljava/lang/invoke/LambdaForm;)V+33 java.base@19.0.1
j  java.lang.invoke.BoundMethodHandle.<init>(Ljava/lang/invoke/MethodType;Ljava/lang/invoke/LambdaForm;)V+3 java.base@19.0.1
j  java.lang.invoke.BoundMethodHandle$Species_L.<init>(Ljava/lang/invoke/MethodType;Ljava/lang/invoke/LambdaForm;Ljava/lang/Object;)V+3 java.base@19.0.1
j  java.lang.invoke.BoundMethodHandle$Species_L.copyWith(Ljava/lang/invoke/MethodType;Ljava/lang/invoke/LambdaForm;)Ljava/lang/invoke/BoundMethodHandle;+10 java.base@19.0.1
j  java.lang.invoke.MethodHandles.dropArgumentsTrusted(Ljava/lang/invoke/MethodHandle;I[Ljava/lang/Class;)Ljava/lang/invoke/MethodHandle;+103 java.base@19.0.1
j  java.lang.invoke.MethodHandles.dropArguments(Ljava/lang/invoke/MethodHandle;I[Ljava/lang/Class;)Ljava/lang/invoke/MethodHandle;+9 java.base@19.0.1
j  jdk.internal.reflect.MethodHandleAccessorFactory.makeSpecializedTarget(Ljava/lang/invoke/MethodHandle;ZZ)Ljava/lang/invoke/MethodHandle;+86 java.base@19.0.1
j  jdk.internal.reflect.MethodHandleAccessorFactory.getDirectMethod(Ljava/lang/reflect/Method;Z)Ljava/lang/invoke/MethodHandle;+79 java.base@19.0.1
j  jdk.internal.reflect.MethodHandleAccessorFactory.newMethodAccessor(Ljava/lang/reflect/Method;Z)Ljdk/internal/reflect/MethodAccessorImpl;+41 java.base@19.0.1
j  jdk.internal.reflect.ReflectionFactory.newMethodAccessor(Ljava/lang/reflect/Method;Z)Ljdk/internal/reflect/MethodAccessor;+28 java.base@19.0.1
j  java.lang.reflect.Method.acquireMethodAccessor()Ljdk/internal/reflect/MethodAccessor;+38 java.base@19.0.1
j  java.lang.reflect.Method.invoke(Ljava/lang/Object;[Ljava/lang/Object;)Ljava/lang/Object;+75 java.base@19.0.1
j  java.lang.Class.getEnumConstantsShared()[Ljava/lang/Object;+49 java.base@19.0.1
j  java.lang.System$2.getEnumConstantsShared(Ljava/lang/Class;)[Ljava/lang/Enum;+1 java.base@19.0.1
j  java.util.EnumMap.getKeyUniverse(Ljava/lang/Class;)[Ljava/lang/Enum;+4 java.base@19.0.1
j  java.util.EnumMap.<init>(Ljava/lang/Class;)V+16 java.base@19.0.1
j  java.util.stream.StreamOpFlag.set(Ljava/util/stream/StreamOpFlag$Type;)Ljava/util/stream/StreamOpFlag$MaskBuilder;+10 java.base@19.0.1
j  java.util.stream.StreamOpFlag.<clinit>()V+11 java.base@19.0.1
v  ~StubRoutines::call_stub 0x00000290c22610e8
j  java.util.stream.StreamSupport.intStream(Ljava/util/Spliterator$OfInt;Z)Ljava/util/stream/IntStream;+6 java.base@19.0.1
j  java.lang.String.chars()Ljava/util/stream/IntStream;+39 java.base@19.0.1
j  java.text.DecimalFormatSymbols.findNonFormatChar(Ljava/lang/String;C)C+1 java.base@19.0.1
j  java.text.DecimalFormatSymbols.initialize(Ljava/util/Locale;)V+112 java.base@19.0.1
j  java.text.DecimalFormatSymbols.<init>(Ljava/util/Locale;)V+11 java.base@19.0.1
j  sun.util.locale.provider.DecimalFormatSymbolsProviderImpl.getInstance(Ljava/util/Locale;)Ljava/text/DecimalFormatSymbols;+17 java.base@19.0.1
j  java.text.DecimalFormatSymbols.getInstance(Ljava/util/Locale;)Ljava/text/DecimalFormatSymbols;+14 java.base@19.0.1
j  sun.util.locale.provider.NumberFormatProviderImpl.getInstance(Ljava/util/Locale;I)Ljava/text/NumberFormat;+51 java.base@19.0.1
j  sun.util.locale.provider.NumberFormatProviderImpl.getNumberInstance(Ljava/util/Locale;)Ljava/text/NumberFormat;+3 java.base@19.0.1
j  java.text.NumberFormat.getInstance(Lsun/util/locale/provider/LocaleProviderAdapter;Ljava/util/Locale;Ljava/text/NumberFormat$Style;I)Ljava/text/NumberFormat;+47 java.base@19.0.1
j  java.text.NumberFormat.getInstance(Ljava/util/Locale;Ljava/text/NumberFormat$Style;I)Ljava/text/NumberFormat;+11 java.base@19.0.1
j  java.text.NumberFormat.getNumberInstance(Ljava/util/Locale;)Ljava/text/NumberFormat;+3 java.base@19.0.1
j  java.util.Scanner.useLocale(Ljava/util/Locale;)Ljava/util/Scanner;+31 java.base@19.0.1
j  java.util.Scanner.<init>(Ljava/lang/Readable;Ljava/util/regex/Pattern;)V+243 java.base@19.0.1
j  java.util.Scanner.<init>(Ljava/io/InputStream;)V+12 java.base@19.0.1
j  com.mycompany.cuadradoasterisco.CuadradoAsterisco.<init>()V+12
j  com.mycompany.cuadradoasterisco.CuadradoAsterisco.main([Ljava/lang/String;)V+4
v  ~StubRoutines::call_stub 0x00000290c22610e8

---------------  P R O C E S S  ---------------

Threads class SMR info:
_java_thread_list=0x00000290d5fcaf80, length=12, elements={
0x00000290b2dca0b0, 0x00000290da477010, 0x00000290da479800, 0x00000290da464050,
0x00000290da464a70, 0x00000290da44f990, 0x00000290da453a00, 0x00000290da455280,
0x00000290da455800, 0x00000290da455d80, 0x00000290da5fb230, 0x00000290da602480
}

Java Threads: ( => current thread )
=>0x00000290b2dca0b0 JavaThread "main" [_thread_in_vm, id=13240, stack(0x000000b9afe00000,0x000000b9aff00000)]
  0x00000290da477010 JavaThread "Reference Handler" daemon [_thread_blocked, id=6308, stack(0x000000b9b0500000,0x000000b9b0600000)]
  0x00000290da479800 JavaThread "Finalizer" daemon [_thread_blocked, id=15836, stack(0x000000b9b0600000,0x000000b9b0700000)]
  0x00000290da464050 JavaThread "Signal Dispatcher" daemon [_thread_blocked, id=16032, stack(0x000000b9b0700000,0x000000b9b0800000)]
  0x00000290da464a70 JavaThread "Attach Listener" daemon [_thread_blocked, id=3564, stack(0x000000b9b0800000,0x000000b9b0900000)]
  0x00000290da44f990 JavaThread "Service Thread" daemon [_thread_blocked, id=2904, stack(0x000000b9b0900000,0x000000b9b0a00000)]
  0x00000290da453a00 JavaThread "Monitor Deflation Thread" daemon [_thread_blocked, id=9320, stack(0x000000b9b0a00000,0x000000b9b0b00000)]
  0x00000290da455280 JavaThread "C2 CompilerThread0" daemon [_thread_blocked, id=12468, stack(0x000000b9b0b00000,0x000000b9b0c00000)]
  0x00000290da455800 JavaThread "C1 CompilerThread0" daemon [_thread_blocked, id=8044, stack(0x000000b9b0c00000,0x000000b9b0d00000)]
  0x00000290da455d80 JavaThread "Sweeper thread" daemon [_thread_blocked, id=16416, stack(0x000000b9b0d00000,0x000000b9b0e00000)]
  0x00000290da5fb230 JavaThread "Notification Thread" daemon [_thread_blocked, id=13532, stack(0x000000b9b0e00000,0x000000b9b0f00000)]
  0x00000290da602480 JavaThread "Common-Cleaner" daemon [_thread_blocked, id=11888, stack(0x000000b9b1000000,0x000000b9b1100000)]

Other Threads:
  0x00000290d6008b50 VMThread "VM Thread" [stack: 0x000000b9b0400000,0x000000b9b0500000] [id=9880]
  0x00000290da5fffa0 WatcherThread "VM Periodic Task Thread" [stack: 0x000000b9b0f00000,0x000000b9b1000000] [id=5844]
  0x00000290b2e38ea0 WorkerThread "GC Thread#0" [stack: 0x000000b9aff00000,0x000000b9b0000000] [id=15088]
  0x00000290b2e4a3a0 ConcurrentGCThread "G1 Main Marker" [stack: 0x000000b9b0000000,0x000000b9b0100000] [id=10880]
  0x00000290b2e4c420 WorkerThread "G1 Conc#0" [stack: 0x000000b9b0100000,0x000000b9b0200000] [id=6924]
  0x00000290b2e8e470 ConcurrentGCThread "G1 Refine#0" [stack: 0x000000b9b0200000,0x000000b9b0300000] [id=8796]
  0x00000290d5e65170 ConcurrentGCThread "G1 Service" [stack: 0x000000b9b0300000,0x000000b9b0400000] [id=6228]

Threads with active compile tasks:

VM state: not at safepoint (normal execution)

VM Mutex/Monitor currently owned by a thread:  ([mutex/lock_event])
[0x00000290b0b41840] Metaspace_lock - owner thread: 0x00000290b2dca0b0

Heap address: 0x0000000705600000, size: 4010 MB, Compressed Oops mode: Zero based, Oop shift amount: 3

CDS archive(s) not mapped
Compressed class space mapped at: 0x0000000800000000-0x0000000840000000, reserved size: 1073741824
Narrow klass base: 0x0000000800000000, Narrow klass shift: 0, Narrow klass range: 0x40000000

GC Precious Log:
 CardTable entry size: 512
 Card Set container configuration: InlinePtr #cards 4 size 8 Array Of Cards #cards 16 size 48 Howl #buckets 8 coarsen threshold 3686 Howl Bitmap #cards 512 size 80 coarsen threshold 460 Card regions per heap region 1 cards per card region 4096
 CPUs: 8 total, 8 available
 Memory: 16039M
 Large Page Support: Disabled
 NUMA Support: Disabled
 Compressed Oops: Enabled (Zero based)
 Heap Region Size: 2M
 Heap Min Capacity: 8M
 Heap Initial Capacity: 252M
 Heap Max Capacity: 4010M
 Pre-touch: Disabled
 Parallel Workers: 8
 Concurrent Workers: 2
 Concurrent Refinement Workers: 8
 Periodic GC: Disabled

Heap:
 garbage-first heap   total 258048K, used 2048K [0x0000000705600000, 0x0000000800000000)
  region size 2048K, 2 young (4096K), 0 survivors (0K)
 Metaspace       used 6634K, committed 6720K, reserved 1114112K
  class space    used 513K, committed 576K, reserved 1048576K

Heap Regions: E=young(eden), S=young(survivor), O=old, HS=humongous(starts), HC=humongous(continues), CS=collection set, F=free, OA=open archive, CA=closed archive, TAMS=top-at-mark-start (previous, next)
|   0|0x0000000705600000, 0x0000000705600000, 0x0000000705800000|  0%| F|  |TAMS 0x0000000705600000, 0x0000000705600000| Untracked 
|   1|0x0000000705800000, 0x0000000705800000, 0x0000000705a00000|  0%| F|  |TAMS 0x0000000705800000, 0x0000000705800000| Untracked 
|   2|0x0000000705a00000, 0x0000000705a00000, 0x0000000705c00000|  0%| F|  |TAMS 0x0000000705a00000, 0x0000000705a00000| Untracked 
|   3|0x0000000705c00000, 0x0000000705c00000, 0x0000000705e00000|  0%| F|  |TAMS 0x0000000705c00000, 0x0000000705c00000| Untracked 
|   4|0x0000000705e00000, 0x0000000705e00000, 0x0000000706000000|  0%| F|  |TAMS 0x0000000705e00000, 0x0000000705e00000| Untracked 
|   5|0x0000000706000000, 0x0000000706000000, 0x0000000706200000|  0%| F|  |TAMS 0x0000000706000000, 0x0000000706000000| Untracked 
|   6|0x0000000706200000, 0x0000000706200000, 0x0000000706400000|  0%| F|  |TAMS 0x0000000706200000, 0x0000000706200000| Untracked 
|   7|0x0000000706400000, 0x0000000706400000, 0x0000000706600000|  0%| F|  |TAMS 0x0000000706400000, 0x0000000706400000| Untracked 
|   8|0x0000000706600000, 0x0000000706600000, 0x0000000706800000|  0%| F|  |TAMS 0x0000000706600000, 0x0000000706600000| Untracked 
|   9|0x0000000706800000, 0x0000000706800000, 0x0000000706a00000|  0%| F|  |TAMS 0x0000000706800000, 0x0000000706800000| Untracked 
|  10|0x0000000706a00000, 0x0000000706a00000, 0x0000000706c00000|  0%| F|  |TAMS 0x0000000706a00000, 0x0000000706a00000| Untracked 
|  11|0x0000000706c00000, 0x0000000706c00000, 0x0000000706e00000|  0%| F|  |TAMS 0x0000000706c00000, 0x0000000706c00000| Untracked 
|  12|0x0000000706e00000, 0x0000000706e00000, 0x0000000707000000|  0%| F|  |TAMS 0x0000000706e00000, 0x0000000706e00000| Untracked 
|  13|0x0000000707000000, 0x0000000707000000, 0x0000000707200000|  0%| F|  |TAMS 0x0000000707000000, 0x0000000707000000| Untracked 
|  14|0x0000000707200000, 0x0000000707200000, 0x0000000707400000|  0%| F|  |TAMS 0x0000000707200000, 0x0000000707200000| Untracked 
|  15|0x0000000707400000, 0x0000000707400000, 0x0000000707600000|  0%| F|  |TAMS 0x0000000707400000, 0x0000000707400000| Untracked 
|  16|0x0000000707600000, 0x0000000707600000, 0x0000000707800000|  0%| F|  |TAMS 0x0000000707600000, 0x0000000707600000| Untracked 
|  17|0x0000000707800000, 0x0000000707800000, 0x0000000707a00000|  0%| F|  |TAMS 0x0000000707800000, 0x0000000707800000| Untracked 
|  18|0x0000000707a00000, 0x0000000707a00000, 0x0000000707c00000|  0%| F|  |TAMS 0x0000000707a00000, 0x0000000707a00000| Untracked 
|  19|0x0000000707c00000, 0x0000000707c00000, 0x0000000707e00000|  0%| F|  |TAMS 0x0000000707c00000, 0x0000000707c00000| Untracked 
|  20|0x0000000707e00000, 0x0000000707e00000, 0x0000000708000000|  0%| F|  |TAMS 0x0000000707e00000, 0x0000000707e00000| Untracked 
|  21|0x0000000708000000, 0x0000000708000000, 0x0000000708200000|  0%| F|  |TAMS 0x0000000708000000, 0x0000000708000000| Untracked 
|  22|0x0000000708200000, 0x0000000708200000, 0x0000000708400000|  0%| F|  |TAMS 0x0000000708200000, 0x0000000708200000| Untracked 
|  23|0x0000000708400000, 0x0000000708400000, 0x0000000708600000|  0%| F|  |TAMS 0x0000000708400000, 0x0000000708400000| Untracked 
|  24|0x0000000708600000, 0x0000000708600000, 0x0000000708800000|  0%| F|  |TAMS 0x0000000708600000, 0x0000000708600000| Untracked 
|  25|0x0000000708800000, 0x0000000708800000, 0x0000000708a00000|  0%| F|  |TAMS 0x0000000708800000, 0x0000000708800000| Untracked 
|  26|0x0000000708a00000, 0x0000000708a00000, 0x0000000708c00000|  0%| F|  |TAMS 0x0000000708a00000, 0x0000000708a00000| Untracked 
|  27|0x0000000708c00000, 0x0000000708c00000, 0x0000000708e00000|  0%| F|  |TAMS 0x0000000708c00000, 0x0000000708c00000| Untracked 
|  28|0x0000000708e00000, 0x0000000708e00000, 0x0000000709000000|  0%| F|  |TAMS 0x0000000708e00000, 0x0000000708e00000| Untracked 
|  29|0x0000000709000000, 0x0000000709000000, 0x0000000709200000|  0%| F|  |TAMS 0x0000000709000000, 0x0000000709000000| Untracked 
|  30|0x0000000709200000, 0x0000000709200000, 0x0000000709400000|  0%| F|  |TAMS 0x0000000709200000, 0x0000000709200000| Untracked 
|  31|0x0000000709400000, 0x0000000709400000, 0x0000000709600000|  0%| F|  |TAMS 0x0000000709400000, 0x0000000709400000| Untracked 
|  32|0x0000000709600000, 0x0000000709600000, 0x0000000709800000|  0%| F|  |TAMS 0x0000000709600000, 0x0000000709600000| Untracked 
|  33|0x0000000709800000, 0x0000000709800000, 0x0000000709a00000|  0%| F|  |TAMS 0x0000000709800000, 0x0000000709800000| Untracked 
|  34|0x0000000709a00000, 0x0000000709a00000, 0x0000000709c00000|  0%| F|  |TAMS 0x0000000709a00000, 0x0000000709a00000| Untracked 
|  35|0x0000000709c00000, 0x0000000709c00000, 0x0000000709e00000|  0%| F|  |TAMS 0x0000000709c00000, 0x0000000709c00000| Untracked 
|  36|0x0000000709e00000, 0x0000000709e00000, 0x000000070a000000|  0%| F|  |TAMS 0x0000000709e00000, 0x0000000709e00000| Untracked 
|  37|0x000000070a000000, 0x000000070a000000, 0x000000070a200000|  0%| F|  |TAMS 0x000000070a000000, 0x000000070a000000| Untracked 
|  38|0x000000070a200000, 0x000000070a200000, 0x000000070a400000|  0%| F|  |TAMS 0x000000070a200000, 0x000000070a200000| Untracked 
|  39|0x000000070a400000, 0x000000070a400000, 0x000000070a600000|  0%| F|  |TAMS 0x000000070a400000, 0x000000070a400000| Untracked 
|  40|0x000000070a600000, 0x000000070a600000, 0x000000070a800000|  0%| F|  |TAMS 0x000000070a600000, 0x000000070a600000| Untracked 
|  41|0x000000070a800000, 0x000000070a800000, 0x000000070aa00000|  0%| F|  |TAMS 0x000000070a800000, 0x000000070a800000| Untracked 
|  42|0x000000070aa00000, 0x000000070aa00000, 0x000000070ac00000|  0%| F|  |TAMS 0x000000070aa00000, 0x000000070aa00000| Untracked 
|  43|0x000000070ac00000, 0x000000070ac00000, 0x000000070ae00000|  0%| F|  |TAMS 0x000000070ac00000, 0x000000070ac00000| Untracked 
|  44|0x000000070ae00000, 0x000000070ae00000, 0x000000070b000000|  0%| F|  |TAMS 0x000000070ae00000, 0x000000070ae00000| Untracked 
|  45|0x000000070b000000, 0x000000070b000000, 0x000000070b200000|  0%| F|  |TAMS 0x000000070b000000, 0x000000070b000000| Untracked 
|  46|0x000000070b200000, 0x000000070b200000, 0x000000070b400000|  0%| F|  |TAMS 0x000000070b200000, 0x000000070b200000| Untracked 
|  47|0x000000070b400000, 0x000000070b400000, 0x000000070b600000|  0%| F|  |TAMS 0x000000070b400000, 0x000000070b400000| Untracked 
|  48|0x000000070b600000, 0x000000070b600000, 0x000000070b800000|  0%| F|  |TAMS 0x000000070b600000, 0x000000070b600000| Untracked 
|  49|0x000000070b800000, 0x000000070b800000, 0x000000070ba00000|  0%| F|  |TAMS 0x000000070b800000, 0x000000070b800000| Untracked 
|  50|0x000000070ba00000, 0x000000070ba00000, 0x000000070bc00000|  0%| F|  |TAMS 0x000000070ba00000, 0x000000070ba00000| Untracked 
|  51|0x000000070bc00000, 0x000000070bc00000, 0x000000070be00000|  0%| F|  |TAMS 0x000000070bc00000, 0x000000070bc00000| Untracked 
|  52|0x000000070be00000, 0x000000070be00000, 0x000000070c000000|  0%| F|  |TAMS 0x000000070be00000, 0x000000070be00000| Untracked 
|  53|0x000000070c000000, 0x000000070c000000, 0x000000070c200000|  0%| F|  |TAMS 0x000000070c000000, 0x000000070c000000| Untracked 
|  54|0x000000070c200000, 0x000000070c200000, 0x000000070c400000|  0%| F|  |TAMS 0x000000070c200000, 0x000000070c200000| Untracked 
|  55|0x000000070c400000, 0x000000070c400000, 0x000000070c600000|  0%| F|  |TAMS 0x000000070c400000, 0x000000070c400000| Untracked 
|  56|0x000000070c600000, 0x000000070c600000, 0x000000070c800000|  0%| F|  |TAMS 0x000000070c600000, 0x000000070c600000| Untracked 
|  57|0x000000070c800000, 0x000000070c800000, 0x000000070ca00000|  0%| F|  |TAMS 0x000000070c800000, 0x000000070c800000| Untracked 
|  58|0x000000070ca00000, 0x000000070ca00000, 0x000000070cc00000|  0%| F|  |TAMS 0x000000070ca00000, 0x000000070ca00000| Untracked 
|  59|0x000000070cc00000, 0x000000070cc00000, 0x000000070ce00000|  0%| F|  |TAMS 0x000000070cc00000, 0x000000070cc00000| Untracked 
|  60|0x000000070ce00000, 0x000000070ce00000, 0x000000070d000000|  0%| F|  |TAMS 0x000000070ce00000, 0x000000070ce00000| Untracked 
|  61|0x000000070d000000, 0x000000070d000000, 0x000000070d200000|  0%| F|  |TAMS 0x000000070d000000, 0x000000070d000000| Untracked 
|  62|0x000000070d200000, 0x000000070d200000, 0x000000070d400000|  0%| F|  |TAMS 0x000000070d200000, 0x000000070d200000| Untracked 
|  63|0x000000070d400000, 0x000000070d400000, 0x000000070d600000|  0%| F|  |TAMS 0x000000070d400000, 0x000000070d400000| Untracked 
|  64|0x000000070d600000, 0x000000070d600000, 0x000000070d800000|  0%| F|  |TAMS 0x000000070d600000, 0x000000070d600000| Untracked 
|  65|0x000000070d800000, 0x000000070d800000, 0x000000070da00000|  0%| F|  |TAMS 0x000000070d800000, 0x000000070d800000| Untracked 
|  66|0x000000070da00000, 0x000000070da00000, 0x000000070dc00000|  0%| F|  |TAMS 0x000000070da00000, 0x000000070da00000| Untracked 
|  67|0x000000070dc00000, 0x000000070dc00000, 0x000000070de00000|  0%| F|  |TAMS 0x000000070dc00000, 0x000000070dc00000| Untracked 
|  68|0x000000070de00000, 0x000000070de00000, 0x000000070e000000|  0%| F|  |TAMS 0x000000070de00000, 0x000000070de00000| Untracked 
|  69|0x000000070e000000, 0x000000070e000000, 0x000000070e200000|  0%| F|  |TAMS 0x000000070e000000, 0x000000070e000000| Untracked 
|  70|0x000000070e200000, 0x000000070e200000, 0x000000070e400000|  0%| F|  |TAMS 0x000000070e200000, 0x000000070e200000| Untracked 
|  71|0x000000070e400000, 0x000000070e400000, 0x000000070e600000|  0%| F|  |TAMS 0x000000070e400000, 0x000000070e400000| Untracked 
|  72|0x000000070e600000, 0x000000070e600000, 0x000000070e800000|  0%| F|  |TAMS 0x000000070e600000, 0x000000070e600000| Untracked 
|  73|0x000000070e800000, 0x000000070e800000, 0x000000070ea00000|  0%| F|  |TAMS 0x000000070e800000, 0x000000070e800000| Untracked 
|  74|0x000000070ea00000, 0x000000070ea00000, 0x000000070ec00000|  0%| F|  |TAMS 0x000000070ea00000, 0x000000070ea00000| Untracked 
|  75|0x000000070ec00000, 0x000000070ec00000, 0x000000070ee00000|  0%| F|  |TAMS 0x000000070ec00000, 0x000000070ec00000| Untracked 
|  76|0x000000070ee00000, 0x000000070ee00000, 0x000000070f000000|  0%| F|  |TAMS 0x000000070ee00000, 0x000000070ee00000| Untracked 
|  77|0x000000070f000000, 0x000000070f000000, 0x000000070f200000|  0%| F|  |TAMS 0x000000070f000000, 0x000000070f000000| Untracked 
|  78|0x000000070f200000, 0x000000070f200000, 0x000000070f400000|  0%| F|  |TAMS 0x000000070f200000, 0x000000070f200000| Untracked 
|  79|0x000000070f400000, 0x000000070f400000, 0x000000070f600000|  0%| F|  |TAMS 0x000000070f400000, 0x000000070f400000| Untracked 
|  80|0x000000070f600000, 0x000000070f600000, 0x000000070f800000|  0%| F|  |TAMS 0x000000070f600000, 0x000000070f600000| Untracked 
|  81|0x000000070f800000, 0x000000070f800000, 0x000000070fa00000|  0%| F|  |TAMS 0x000000070f800000, 0x000000070f800000| Untracked 
|  82|0x000000070fa00000, 0x000000070fa00000, 0x000000070fc00000|  0%| F|  |TAMS 0x000000070fa00000, 0x000000070fa00000| Untracked 
|  83|0x000000070fc00000, 0x000000070fc00000, 0x000000070fe00000|  0%| F|  |TAMS 0x000000070fc00000, 0x000000070fc00000| Untracked 
|  84|0x000000070fe00000, 0x000000070fe00000, 0x0000000710000000|  0%| F|  |TAMS 0x000000070fe00000, 0x000000070fe00000| Untracked 
|  85|0x0000000710000000, 0x0000000710000000, 0x0000000710200000|  0%| F|  |TAMS 0x0000000710000000, 0x0000000710000000| Untracked 
|  86|0x0000000710200000, 0x0000000710200000, 0x0000000710400000|  0%| F|  |TAMS 0x0000000710200000, 0x0000000710200000| Untracked 
|  87|0x0000000710400000, 0x0000000710400000, 0x0000000710600000|  0%| F|  |TAMS 0x0000000710400000, 0x0000000710400000| Untracked 
|  88|0x0000000710600000, 0x0000000710600000, 0x0000000710800000|  0%| F|  |TAMS 0x0000000710600000, 0x0000000710600000| Untracked 
|  89|0x0000000710800000, 0x0000000710800000, 0x0000000710a00000|  0%| F|  |TAMS 0x0000000710800000, 0x0000000710800000| Untracked 
|  90|0x0000000710a00000, 0x0000000710a00000, 0x0000000710c00000|  0%| F|  |TAMS 0x0000000710a00000, 0x0000000710a00000| Untracked 
|  91|0x0000000710c00000, 0x0000000710c00000, 0x0000000710e00000|  0%| F|  |TAMS 0x0000000710c00000, 0x0000000710c00000| Untracked 
|  92|0x0000000710e00000, 0x0000000710e00000, 0x0000000711000000|  0%| F|  |TAMS 0x0000000710e00000, 0x0000000710e00000| Untracked 
|  93|0x0000000711000000, 0x0000000711000000, 0x0000000711200000|  0%| F|  |TAMS 0x0000000711000000, 0x0000000711000000| Untracked 
|  94|0x0000000711200000, 0x0000000711200000, 0x0000000711400000|  0%| F|  |TAMS 0x0000000711200000, 0x0000000711200000| Untracked 
|  95|0x0000000711400000, 0x0000000711400000, 0x0000000711600000|  0%| F|  |TAMS 0x0000000711400000, 0x0000000711400000| Untracked 
|  96|0x0000000711600000, 0x0000000711600000, 0x0000000711800000|  0%| F|  |TAMS 0x0000000711600000, 0x0000000711600000| Untracked 
|  97|0x0000000711800000, 0x0000000711800000, 0x0000000711a00000|  0%| F|  |TAMS 0x0000000711800000, 0x0000000711800000| Untracked 
|  98|0x0000000711a00000, 0x0000000711a00000, 0x0000000711c00000|  0%| F|  |TAMS 0x0000000711a00000, 0x0000000711a00000| Untracked 
|  99|0x0000000711c00000, 0x0000000711c00000, 0x0000000711e00000|  0%| F|  |TAMS 0x0000000711c00000, 0x0000000711c00000| Untracked 
| 100|0x0000000711e00000, 0x0000000711e00000, 0x0000000712000000|  0%| F|  |TAMS 0x0000000711e00000, 0x0000000711e00000| Untracked 
| 101|0x0000000712000000, 0x0000000712000000, 0x0000000712200000|  0%| F|  |TAMS 0x0000000712000000, 0x0000000712000000| Untracked 
| 102|0x0000000712200000, 0x0000000712200000, 0x0000000712400000|  0%| F|  |TAMS 0x0000000712200000, 0x0000000712200000| Untracked 
| 103|0x0000000712400000, 0x0000000712400000, 0x0000000712600000|  0%| F|  |TAMS 0x0000000712400000, 0x0000000712400000| Untracked 
| 104|0x0000000712600000, 0x0000000712600000, 0x0000000712800000|  0%| F|  |TAMS 0x0000000712600000, 0x0000000712600000| Untracked 
| 105|0x0000000712800000, 0x0000000712800000, 0x0000000712a00000|  0%| F|  |TAMS 0x0000000712800000, 0x0000000712800000| Untracked 
| 106|0x0000000712a00000, 0x0000000712a00000, 0x0000000712c00000|  0%| F|  |TAMS 0x0000000712a00000, 0x0000000712a00000| Untracked 
| 107|0x0000000712c00000, 0x0000000712c00000, 0x0000000712e00000|  0%| F|  |TAMS 0x0000000712c00000, 0x0000000712c00000| Untracked 
| 108|0x0000000712e00000, 0x0000000712e00000, 0x0000000713000000|  0%| F|  |TAMS 0x0000000712e00000, 0x0000000712e00000| Untracked 
| 109|0x0000000713000000, 0x0000000713000000, 0x0000000713200000|  0%| F|  |TAMS 0x0000000713000000, 0x0000000713000000| Untracked 
| 110|0x0000000713200000, 0x0000000713200000, 0x0000000713400000|  0%| F|  |TAMS 0x0000000713200000, 0x0000000713200000| Untracked 
| 111|0x0000000713400000, 0x0000000713400000, 0x0000000713600000|  0%| F|  |TAMS 0x0000000713400000, 0x0000000713400000| Untracked 
| 112|0x0000000713600000, 0x0000000713600000, 0x0000000713800000|  0%| F|  |TAMS 0x0000000713600000, 0x0000000713600000| Untracked 
| 113|0x0000000713800000, 0x0000000713800000, 0x0000000713a00000|  0%| F|  |TAMS 0x0000000713800000, 0x0000000713800000| Untracked 
| 114|0x0000000713a00000, 0x0000000713a00000, 0x0000000713c00000|  0%| F|  |TAMS 0x0000000713a00000, 0x0000000713a00000| Untracked 
| 115|0x0000000713c00000, 0x0000000713c00000, 0x0000000713e00000|  0%| F|  |TAMS 0x0000000713c00000, 0x0000000713c00000| Untracked 
| 116|0x0000000713e00000, 0x0000000713e00000, 0x0000000714000000|  0%| F|  |TAMS 0x0000000713e00000, 0x0000000713e00000| Untracked 
| 117|0x0000000714000000, 0x0000000714000000, 0x0000000714200000|  0%| F|  |TAMS 0x0000000714000000, 0x0000000714000000| Untracked 
| 118|0x0000000714200000, 0x0000000714200000, 0x0000000714400000|  0%| F|  |TAMS 0x0000000714200000, 0x0000000714200000| Untracked 
| 119|0x0000000714400000, 0x0000000714400000, 0x0000000714600000|  0%| F|  |TAMS 0x0000000714400000, 0x0000000714400000| Untracked 
| 120|0x0000000714600000, 0x0000000714600000, 0x0000000714800000|  0%| F|  |TAMS 0x0000000714600000, 0x0000000714600000| Untracked 
| 121|0x0000000714800000, 0x0000000714800000, 0x0000000714a00000|  0%| F|  |TAMS 0x0000000714800000, 0x0000000714800000| Untracked 
| 122|0x0000000714a00000, 0x0000000714a00000, 0x0000000714c00000|  0%| F|  |TAMS 0x0000000714a00000, 0x0000000714a00000| Untracked 
| 123|0x0000000714c00000, 0x0000000714c00000, 0x0000000714e00000|  0%| F|  |TAMS 0x0000000714c00000, 0x0000000714c00000| Untracked 
| 124|0x0000000714e00000, 0x0000000714f52708, 0x0000000715000000| 66%| E|  |TAMS 0x0000000714e00000, 0x0000000714e00000| Complete 
| 125|0x0000000715000000, 0x0000000715200000, 0x0000000715200000|100%| E|CS|TAMS 0x0000000715000000, 0x0000000715000000| Complete 

Card table byte_map: [0x00000290ca850000,0x00000290cb030000] _byte_map_base: 0x00000290c7025000

Marking Bits (Prev, Next): (CMBitMap*) 0x00000290b2e394d0, (CMBitMap*) 0x00000290b2e39510
 Prev Bits: [0x00000290cb810000, 0x00000290cf6b8000)
 Next Bits: [0x00000290cf6c0000, 0x00000290d3568000)

Polling page: 0x00000290b0d50000

Metaspace:

Usage:
  Non-class:      5.98 MB used.
      Class:    513.30 KB used.
       Both:      6.48 MB used.

Virtual space:
  Non-class space:       64.00 MB reserved,       6.00 MB (  9%) committed,  1 nodes.
      Class space:        1.00 GB reserved,     576.00 KB ( <1%) committed,  1 nodes.
             Both:        1.06 GB reserved,       6.56 MB ( <1%) committed. 

Chunk freelists:
   Non-Class:  2.00 MB
       Class:  3.25 MB
        Both:  5.25 MB

MaxMetaspaceSize: unlimited
CompressedClassSpaceSize: 1.00 GB
Initial GC threshold: 21.00 MB
Current GC threshold: 21.00 MB
CDS: off
MetaspaceReclaimPolicy: balanced
 - commit_granule_bytes: 65536.
 - commit_granule_words: 8192.
 - virtual_space_node_default_size: 8388608.
 - enlarge_chunks_in_place: 1.
 - new_chunks_are_fully_committed: 0.
 - uncommit_free_chunks: 1.
 - use_allocation_guard: 0.


Internal statistics:

num_allocs_failed_limit: 0.
num_arena_births: 10.
num_arena_deaths: 0.
num_vsnodes_births: 2.
num_vsnodes_deaths: 0.
num_space_committed: 105.
num_space_uncommitted: 0.
num_chunks_returned_to_freelist: 0.
num_chunks_taken_from_freelist: 26.
num_chunk_merges: 0.
num_chunk_splits: 9.
num_chunks_enlarged: 1.
num_inconsistent_stats: 0.

CodeHeap 'non-profiled nmethods': size=120000Kb used=56Kb max_used=56Kb free=119943Kb
 bounds [0x00000290c2800000, 0x00000290c2a70000, 0x00000290c9d30000]
CodeHeap 'profiled nmethods': size=120000Kb used=172Kb max_used=172Kb free=119828Kb
 bounds [0x00000290bad30000, 0x00000290bafa0000, 0x00000290c2260000]
CodeHeap 'non-nmethods': size=5760Kb used=1194Kb max_used=1209Kb free=4565Kb
 bounds [0x00000290c2260000, 0x00000290c24d0000, 0x00000290c2800000]
 total_blobs=535 nmethods=165 adapters=281
 compilation: enabled
              stopped_count=0, restarted_count=0
 full_count=0

Compilation events (20 events):
Event: 0.090 Thread 0x00000290da455800 nmethod 157 0x00000290bad56f10 code [0x00000290bad570a0, 0x00000290bad571d8]
Event: 0.090 Thread 0x00000290da455800  158       3       java.nio.Buffer::session (20 bytes)
Event: 0.090 Thread 0x00000290da455800 nmethod 158 0x00000290bad57290 code [0x00000290bad57460, 0x00000290bad57748]
Event: 0.091 Thread 0x00000290da455800  159       1       java.lang.invoke.MethodHandle::type (5 bytes)
Event: 0.091 Thread 0x00000290da455800 nmethod 159 0x00000290c280cc10 code [0x00000290c280cda0, 0x00000290c280ce78]
Event: 0.092 Thread 0x00000290da455800  160       3       java.lang.ref.Reference::<init> (25 bytes)
Event: 0.092 Thread 0x00000290da455800 nmethod 160 0x00000290bad57810 code [0x00000290bad579c0, 0x00000290bad57c58]
Event: 0.092 Thread 0x00000290da455800  161       3       java.lang.invoke.MethodType::makeImpl (109 bytes)
Event: 0.093 Thread 0x00000290da455800 nmethod 161 0x00000290bad57d10 code [0x00000290bad57fc0, 0x00000290bad58df8]
Event: 0.093 Thread 0x00000290da455800  162       3       jdk.internal.org.objectweb.asm.SymbolTable::addConstantUtf8 (98 bytes)
Event: 0.093 Thread 0x00000290da455800 nmethod 162 0x00000290bad59290 code [0x00000290bad594c0, 0x00000290bad59ad8]
Event: 0.093 Thread 0x00000290da455800  163       3       jdk.internal.org.objectweb.asm.ByteVector::putShort (52 bytes)
Event: 0.093 Thread 0x00000290da455800 nmethod 163 0x00000290bad59e10 code [0x00000290bad59fc0, 0x00000290bad5a1c8]
Event: 0.093 Thread 0x00000290da455800  164       3       java.lang.StringBuilder::append (8 bytes)
Event: 0.093 Thread 0x00000290da455800 nmethod 164 0x00000290bad5a310 code [0x00000290bad5a4c0, 0x00000290bad5a608]
Event: 0.093 Thread 0x00000290da455800  165       3       java.lang.AbstractStringBuilder::append (45 bytes)
Event: 0.094 Thread 0x00000290da455800 nmethod 165 0x00000290bad5a690 code [0x00000290bad5a8a0, 0x00000290bad5add8]
Event: 0.094 Thread 0x00000290da455280 nmethod 147 0x00000290c280cf10 code [0x00000290c280d100, 0x00000290c280d878]
Event: 0.094 Thread 0x00000290da455280  148       4       java.lang.String::checkIndex (10 bytes)
Event: 0.095 Thread 0x00000290da455280 nmethod 148 0x00000290c280df90 code [0x00000290c280e120, 0x00000290c280e1b8]

GC Heap History (0 events):
No events

Dll operation events (3 events):
Event: 0.004 Loaded shared library C:\Program Files\Java\jdk-19\bin\java.dll
Event: 0.021 Loaded shared library C:\Program Files\Java\jdk-19\bin\jsvml.dll
Event: 0.078 Loaded shared library C:\Program Files\Java\jdk-19\bin\jimage.dll

Deoptimization events (0 events):
No events

Classes loaded (20 events):
Event: 0.093 Loading class java/util/stream/AbstractPipeline
Event: 0.094 Loading class java/util/stream/PipelineHelper
Event: 0.094 Loading class java/util/stream/PipelineHelper done
Event: 0.094 Loading class java/util/stream/AbstractPipeline done
Event: 0.094 Loading class java/util/stream/IntPipeline done
Event: 0.094 Loading class java/util/stream/IntPipeline$Head done
Event: 0.094 Loading class java/util/stream/StreamOpFlag
Event: 0.094 Loading class java/util/stream/StreamOpFlag done
Event: 0.094 Loading class java/util/stream/StreamOpFlag$Type
Event: 0.094 Loading class java/util/stream/StreamOpFlag$Type done
Event: 0.094 Loading class java/util/stream/StreamOpFlag$MaskBuilder
Event: 0.094 Loading class java/util/stream/StreamOpFlag$MaskBuilder done
Event: 0.094 Loading class java/util/EnumMap
Event: 0.094 Loading class java/util/EnumMap done
Event: 0.094 Loading class java/util/EnumMap$1
Event: 0.094 Loading class java/util/EnumMap$1 done
Event: 0.094 Loading class java/lang/Class$3
Event: 0.094 Loading class java/lang/Class$3 done
Event: 0.094 Loading class sun/reflect/annotation/AnnotationParser
Event: 0.094 Loading class sun/reflect/annotation/AnnotationParser done

Classes unloaded (0 events):
No events

Classes redefined (0 events):
No events

Internal exceptions (0 events):
No events

VM Operations (0 events):
No events

Events (12 events):
Event: 0.021 Thread 0x00000290b2dca0b0 Thread added: 0x00000290b2dca0b0
Event: 0.035 Thread 0x00000290da477010 Thread added: 0x00000290da477010
Event: 0.035 Thread 0x00000290da479800 Thread added: 0x00000290da479800
Event: 0.036 Thread 0x00000290da464050 Thread added: 0x00000290da464050
Event: 0.036 Thread 0x00000290da464a70 Thread added: 0x00000290da464a70
Event: 0.036 Thread 0x00000290da44f990 Thread added: 0x00000290da44f990
Event: 0.036 Thread 0x00000290da453a00 Thread added: 0x00000290da453a00
Event: 0.036 Thread 0x00000290da455280 Thread added: 0x00000290da455280
Event: 0.036 Thread 0x00000290da455800 Thread added: 0x00000290da455800
Event: 0.037 Thread 0x00000290da455d80 Thread added: 0x00000290da455d80
Event: 0.052 Thread 0x00000290da5fb230 Thread added: 0x00000290da5fb230
Event: 0.056 Thread 0x00000290da602480 Thread added: 0x00000290da602480


Dynamic libraries:
0x00007ff767190000 - 0x00007ff7671a0000 	C:\Program Files\Java\jdk-19\bin\java.exe
0x00007ff8c7bb0000 - 0x00007ff8c7dc4000 	C:\WINDOWS\SYSTEM32\ntdll.dll
0x00007ff8c6fa0000 - 0x00007ff8c7062000 	C:\WINDOWS\System32\KERNEL32.DLL
0x00007ff8c5450000 - 0x00007ff8c57ed000 	C:\WINDOWS\System32\KERNELBASE.dll
0x00007ff8c5890000 - 0x00007ff8c59a1000 	C:\WINDOWS\System32\ucrtbase.dll
0x00007ff8a9490000 - 0x00007ff8a94a8000 	C:\Program Files\Java\jdk-19\bin\jli.dll
0x00007ff8c0050000 - 0x00007ff8c006b000 	C:\Program Files\Java\jdk-19\bin\VCRUNTIME140.dll
0x00007ff8c6500000 - 0x00007ff8c65ae000 	C:\WINDOWS\System32\ADVAPI32.dll
0x00007ff8c70d0000 - 0x00007ff8c7177000 	C:\WINDOWS\System32\msvcrt.dll
0x00007ff8c7820000 - 0x00007ff8c78c4000 	C:\WINDOWS\System32\sechost.dll
0x00007ff8c63e0000 - 0x00007ff8c64f5000 	C:\WINDOWS\System32\RPCRT4.dll
0x00007ff8c6230000 - 0x00007ff8c63da000 	C:\WINDOWS\System32\USER32.dll
0x00007ff8a1fc0000 - 0x00007ff8a224e000 	C:\WINDOWS\WinSxS\amd64_microsoft.windows.common-controls_6595b64144ccf1df_6.0.22621.608_none_a9444ca7c10bb01d\COMCTL32.dll
0x00007ff8c4fe0000 - 0x00007ff8c5006000 	C:\WINDOWS\System32\win32u.dll
0x00007ff8c6d90000 - 0x00007ff8c6db9000 	C:\WINDOWS\System32\GDI32.dll
0x00007ff8c51c0000 - 0x00007ff8c52d2000 	C:\WINDOWS\System32\gdi32full.dll
0x00007ff8c57f0000 - 0x00007ff8c588a000 	C:\WINDOWS\System32\msvcp_win.dll
0x00007ff8bd070000 - 0x00007ff8bd07a000 	C:\WINDOWS\SYSTEM32\VERSION.dll
0x00007ff8c5a60000 - 0x00007ff8c5a92000 	C:\WINDOWS\System32\IMM32.DLL
0x00007ff8c0040000 - 0x00007ff8c004c000 	C:\Program Files\Java\jdk-19\bin\vcruntime140_1.dll
0x00007ff8aa380000 - 0x00007ff8aa40e000 	C:\Program Files\Java\jdk-19\bin\msvcp140.dll
0x00007ff84b150000 - 0x00007ff84be10000 	C:\Program Files\Java\jdk-19\bin\server\jvm.dll
0x00007ff8a3090000 - 0x00007ff8a3099000 	C:\WINDOWS\SYSTEM32\WSOCK32.dll
0x00007ff8bd0f0000 - 0x00007ff8bd124000 	C:\WINDOWS\SYSTEM32\WINMM.dll
0x00007ff8c78d0000 - 0x00007ff8c7941000 	C:\WINDOWS\System32\WS2_32.dll
0x00007ff8c4120000 - 0x00007ff8c4138000 	C:\WINDOWS\SYSTEM32\kernel.appcore.dll
0x00007ff8bfff0000 - 0x00007ff8bfffa000 	C:\Program Files\Java\jdk-19\bin\jimage.dll
0x00007ff8c28e0000 - 0x00007ff8c2b0e000 	C:\WINDOWS\SYSTEM32\DBGHELP.DLL
0x00007ff8c71e0000 - 0x00007ff8c756a000 	C:\WINDOWS\System32\combase.dll
0x00007ff8c6ec0000 - 0x00007ff8c6f97000 	C:\WINDOWS\System32\OLEAUT32.dll
0x00007ff8a3990000 - 0x00007ff8a39c2000 	C:\WINDOWS\SYSTEM32\dbgcore.DLL
0x00007ff8c50d0000 - 0x00007ff8c514b000 	C:\WINDOWS\System32\bcryptPrimitives.dll
0x00007ff8bdf70000 - 0x00007ff8bdf96000 	C:\Program Files\Java\jdk-19\bin\java.dll
0x00007ff879570000 - 0x00007ff879647000 	C:\Program Files\Java\jdk-19\bin\jsvml.dll
0x00007ff8c65b0000 - 0x00007ff8c6d90000 	C:\WINDOWS\System32\SHELL32.dll
0x00007ff8c2fd0000 - 0x00007ff8c3895000 	C:\WINDOWS\SYSTEM32\windows.storage.dll
0x00007ff8c2e90000 - 0x00007ff8c2fce000 	C:\WINDOWS\SYSTEM32\wintypes.dll
0x00007ff8c7950000 - 0x00007ff8c7a41000 	C:\WINDOWS\System32\SHCORE.dll
0x00007ff8c7180000 - 0x00007ff8c71de000 	C:\WINDOWS\System32\shlwapi.dll
0x00007ff8c4f10000 - 0x00007ff8c4f31000 	C:\WINDOWS\SYSTEM32\profapi.dll

dbghelp: loaded successfully - version: 4.0.5 - missing functions: none
symbol engine: initialized successfully - sym options: 0x614 - pdb path: .;C:\Program Files\Java\jdk-19\bin;C:\WINDOWS\SYSTEM32;C:\WINDOWS\WinSxS\amd64_microsoft.windows.common-controls_6595b64144ccf1df_6.0.22621.608_none_a9444ca7c10bb01d;C:\Program Files\Java\jdk-19\bin\server

VM Arguments:
java_command: com.mycompany.cuadradoasterisco.CuadradoAsterisco
java_class_path (initial): C:\Users\damci\Documents\NetBeansProjects\CuadradoAsterisco\target\classes
Launcher Type: SUN_STANDARD

[Global flags]
     intx CICompilerCount                          = 4                                         {product} {ergonomic}
     uint ConcGCThreads                            = 2                                         {product} {ergonomic}
     uint G1ConcRefinementThreads                  = 8                                         {product} {ergonomic}
   size_t G1HeapRegionSize                         = 2097152                                   {product} {ergonomic}
    uintx GCDrainStackTargetSize                   = 64                                        {product} {ergonomic}
   size_t InitialHeapSize                          = 264241152                                 {product} {ergonomic}
   size_t MarkStackSize                            = 4194304                                   {product} {ergonomic}
   size_t MaxHeapSize                              = 4204789760                                {product} {ergonomic}
   size_t MaxNewSize                               = 2522873856                                {product} {ergonomic}
   size_t MinHeapDeltaBytes                        = 2097152                                   {product} {ergonomic}
   size_t MinHeapSize                              = 8388608                                   {product} {ergonomic}
    uintx NonNMethodCodeHeapSize                   = 5839372                                {pd product} {ergonomic}
    uintx NonProfiledCodeHeapSize                  = 122909434                              {pd product} {ergonomic}
    uintx ProfiledCodeHeapSize                     = 122909434                              {pd product} {ergonomic}
    uintx ReservedCodeCacheSize                    = 251658240                              {pd product} {ergonomic}
     bool SegmentedCodeCache                       = true                                      {product} {ergonomic}
   size_t SoftMaxHeapSize                          = 4204789760                             {manageable} {ergonomic}
     bool UseCompressedClassPointers               = true                           {product lp64_product} {ergonomic}
     bool UseCompressedOops                        = true                           {product lp64_product} {ergonomic}
     bool UseG1GC                                  = true                                      {product} {ergonomic}
     bool UseLargePagesIndividualAllocation        = false                                  {pd product} {ergonomic}

Logging:
Log output configuration:
 #0: stdout all=warning uptime,level,tags foldmultilines=false
 #1: stderr all=off uptime,level,tags foldmultilines=false

Environment Variables:
JAVA_HOME=C:\Program Files\Java\jdk-19
PATH=C:\app\damci\product\21c\dbhomeXE\bin;C:\Program Files\Common Files\Oracle\Java\javapath;C:\Program Files (x86)\Common Files\Oracle\Java\javapath;C:\ProgramData\Oracle\Java\javapath;C:\Program Files\Eclipse Adoptium\jdk-17.0.4.101-hotspot\bin;C:\WINDOWS\system32;C:\WINDOWS;C:\WINDOWS\System32\Wbem;C:\WINDOWS\System32\WindowsPowerShell\v1.0\;C:\WINDOWS\System32\OpenSSH\;C:\Users\damci\AppData\Local\Programs\Python\Python310\Scripts\;C:\Users\damci\AppData\Local\Programs\Python\Python310\;C:\Users\damci\AppData\Local\Microsoft\WindowsApps;;C:\Users\damci\AppData\Local\Programs\Microsoft VS Code\bin
USERNAME=damci
OS=Windows_NT
PROCESSOR_IDENTIFIER=Intel64 Family 6 Model 140 Stepping 1, GenuineIntel
TMP=C:\Users\damci\AppData\Local\Temp
TEMP=C:\Users\damci\AppData\Local\Temp



---------------  S Y S T E M  ---------------

OS:
 Windows 11 , 64 bit Build 22621 (10.0.22621.755)
OS uptime: 2 days 0:36 hours
Hyper-V role detected

CPU: total 8 (initial active 8) (4 cores per cpu, 2 threads per core) family 6 model 140 stepping 1 microcode 0xa4, cx8, cmov, fxsr, ht, mmx, 3dnowpref, sse, sse2, sse3, ssse3, sse4.1, sse4.2, popcnt, lzcnt, tsc, tscinvbit, avx, avx2, aes, erms, clmul, bmi1, bmi2, adx, avx512f, avx512dq, avx512cd, avx512bw, avx512vl, sha, fma, vzeroupper, avx512_vpopcntdq, avx512_vpclmulqdq, avx512_vaes, avx512_vnni, clflush, clflushopt, clwb, avx512_vbmi2, avx512_vbmi, hv, rdtscp, rdpid, fsrm, gfni, avx512_bitalg

Memory: 4k page, system-wide physical 16039M (6821M free)
TotalPageFile size 18939M (AvailPageFile size 4M)
current process WorkingSet (physical memory assigned to process): 34M, peak: 34M
current process commit charge ("private bytes"): 336M, peak: 336M

vm_info: Java HotSpot(TM) 64-Bit Server VM (19.0.1+10-21) for windows-amd64 JRE (19.0.1+10-21), built on 2022-09-14T12:45:06Z by "mach5one" with MS VC++ 17.1 (VS2022)

END.
